\BOOKMARK [0][-]{chapter.1}{\376\377\000B\000e\000v\000e\000z\000e\000t\000\351\000s}{}% 1
\BOOKMARK [0][-]{chapter.2}{\376\377\000K\000o\000n\000c\000e\000p\000c\000i\000\363}{}% 2
\BOOKMARK [1][-]{section.2.1}{\376\377\000A\000\040\000f\000e\000j\000e\000z\000e\000t\000\040\000c\000\351\000l\000j\000a}{chapter.2}% 3
\BOOKMARK [1][-]{section.2.2}{\376\377\000T\000a\000r\000t\000a\000l\000o\000m\000\040\000\351\000s\000\040\000f\000e\000l\000\351\000p\000\355\000t\000\351\000s}{chapter.2}% 4
\BOOKMARK [1][-]{section.2.3}{\376\377\000A\000m\000i\000t\000\040\000c\000s\000a\000k\000\040\000e\000m\000l\000\355\000t\000\351\000s\000\040\000s\000z\000i\000n\000t\000j\000\351\000n\000\040\000\351\000r\000d\000e\000m\000e\000s\000\040\000s\000z\000e\000r\000e\000p\000e\000l\000t\000e\000t\000n\000i}{chapter.2}% 5
\BOOKMARK [1][-]{section.2.4}{\376\377\000L\000i\000n\000e\000\341\000r\000i\000s\000\040\000e\000g\000y\000e\000n\000l\000e\000t\000r\000e\000n\000d\000s\000z\000e\000r\000e\000k}{chapter.2}% 6
\BOOKMARK [1][-]{section.2.5}{\376\377\000H\000\341\000t\000i\000z\000s\000\341\000k\000\040\000p\000r\000o\000b\000l\000\351\000m\000a}{chapter.2}% 7
\BOOKMARK [2][-]{subsection.2.5.1}{\376\377\000A\000l\000k\000a\000l\000m\000a\000z\000\341\000s\000a}{section.2.5}% 8
\BOOKMARK [2][-]{subsection.2.5.2}{\376\377\000F\000a\000j\000t\000\341\000i}{section.2.5}% 9
\BOOKMARK [2][-]{subsection.2.5.3}{\376\377\000S\000z\000\341\000m\000\355\000t\000\341\000s\000i\000\040\000b\000o\000n\000y\000o\000l\000u\000l\000t\000s\000\341\000g}{section.2.5}% 10
\BOOKMARK [2][-]{subsection.2.5.4}{\376\377\000M\000e\000g\000o\000l\000d\000\341\000s\000o\000k}{section.2.5}% 11
\BOOKMARK [1][-]{section.2.6}{\376\377\000A\000\040\000k\000\366\000z\000l\000e\000k\000e\000d\000\351\000s\000i\000\040\000p\000r\000o\000b\000l\000\351\000m\000a\000\040\000m\000e\000g\000o\000l\000d\000\341\000s\000a\000n}{chapter.2}% 12
\BOOKMARK [0][-]{chapter.3}{\376\377\000T\000e\000r\000v\000e\000z\000\351\000s}{}% 13
\BOOKMARK [1][-]{section.3.1}{\376\377\000T\000\341\000b\000l\000\341\000z\000a\000t\000o\000k}{chapter.3}% 14
\BOOKMARK [1][-]{section.3.2}{\376\377\000\301\000b\000r\000\341\000k}{chapter.3}% 15
\BOOKMARK [1][-]{section.3.3}{\376\377\000T\000o\000v\000\341\000b\000b\000i\000\040\000k\000\366\000r\000n\000y\000e\000z\000e\000t\000e\000k}{chapter.3}% 16
\BOOKMARK [0][-]{chapter.4}{\376\377\000M\000e\000g\000v\000a\000l\000\363\000s\000\355\000t\000\341\000s}{}% 17
\BOOKMARK [0][-]{chapter.5}{\376\377\000T\000e\000s\000z\000t\000e\000l\000\351\000s}{}% 18
\BOOKMARK [0][-]{chapter.6}{\376\377\000\326\000s\000s\000z\000e\000f\000o\000g\000l\000a\000l\000\341\000s}{}% 19
\BOOKMARK [0][-]{chapter.6}{\376\377\000I\000r\000o\000d\000a\000l\000o\000m\000j\000e\000g\000y\000z\000\351\000k}{}% 20
